
Als string
1a_{a}^{\dagger}a_{i} und 1a_{a}^{\dagger}a_{i}a_{b}a_{a}^{\dagger}a_{j}^{\dagger}
Random String 4 : 
1a_{1}a_{2}^{\dagger}a_{3}a_{4}a_{5}a_{6}a_{7}^{\dagger}a_{8}^{\dagger}a_{9}
-1a_{2}^{\dagger}a_{7}^{\dagger}a_{8}^{\dagger}a_{1}a_{3}a_{4}a_{5}a_{6}a_{9}

Random String 5 : 
1a_{1}a_{2}^{\dagger}a_{3}a_{4}^{\dagger}a_{5}a_{6}a_{7}^{\dagger}a_{8}^{\dagger}a_{9}^{\dagger}
-1a_{2}^{\dagger}a_{4}^{\dagger}a_{7}^{\dagger}a_{8}^{\dagger}a_{9}^{\dagger}a_{1}a_{3}a_{5}a_{6}

Random String 6 : 
1a_{1}^{\dagger}a_{2}^{\dagger}a_{3}a_{4}^{\dagger}a_{5}a_{6}a_{7}^{\dagger}a_{8}^{\dagger}a_{9}^{\dagger}
1a_{1}^{\dagger}a_{2}^{\dagger}a_{4}^{\dagger}a_{7}^{\dagger}a_{8}^{\dagger}a_{9}^{\dagger}a_{3}a_{5}a_{6}

Random String 7 : 
1a_{1}a_{2}a_{3}a_{4}a_{5}^{\dagger}a_{6}^{\dagger}a_{7}^{\dagger}a_{8}a_{9}
1a_{5}^{\dagger}a_{6}^{\dagger}a_{7}^{\dagger}a_{1}a_{2}a_{3}a_{4}a_{8}a_{9}

Random String 8 : 
1a_{1}a_{2}^{\dagger}a_{3}a_{4}^{\dagger}a_{5}a_{6}a_{7}a_{8}a_{9}^{\dagger}
-1a_{2}^{\dagger}a_{4}^{\dagger}a_{9}^{\dagger}a_{1}a_{3}a_{5}a_{6}a_{7}a_{8}

Random String 9 : 
1a_{1}a_{2}^{\dagger}a_{3}^{\dagger}a_{4}a_{5}^{\dagger}a_{6}a_{7}^{\dagger}a_{8}a_{9}^{\dagger}
-1a_{2}^{\dagger}a_{3}^{\dagger}a_{5}^{\dagger}a_{7}^{\dagger}a_{9}^{\dagger}a_{1}a_{4}a_{6}a_{8}

*********************


4*s2
4a_{a}^{\dagger}a_{i}a_{b}a_{a}^{\dagger}a_{j}^{\dagger}

s2*4
4a_{a}^{\dagger}a_{i}a_{b}a_{a}^{\dagger}a_{j}^{\dagger}

c*s2
1a_{b}a_{a}^{\dagger}a_{i}a_{b}a_{a}^{\dagger}a_{j}^{\dagger}

s2*c
1a_{a}^{\dagger}a_{i}a_{b}a_{a}^{\dagger}a_{j}^{\dagger}a_{b}

s1*s2
1a_{a}^{\dagger}a_{i}a_{a}^{\dagger}a_{i}a_{b}a_{a}^{\dagger}a_{j}^{\dagger}

s2*s1
1a_{a}^{\dagger}a_{i}a_{b}a_{a}^{\dagger}a_{j}^{\dagger}a_{a}^{\dagger}a_{i}

2*s1*3s2
6a_{a}^{\dagger}a_{i}a_{a}^{\dagger}a_{i}a_{b}a_{a}^{\dagger}a_{j}^{\dagger}

*********************


a==a
1
a==b
0
s1==s1
1
2*s1 == s2
s2==s1
0
s2==s3
1a_{a}^{\dagger}a_{b}a_{i}a_{a}^{\dagger}a_{j}^{\dagger}
Hier
1a_{i}a_{a}^{\dagger}a_{b}a_{a}^{\dagger}a_{j}^{\dagger}
1a_{a}^{\dagger}a_{b}a_{i}a_{a}^{\dagger}a_{j}^{\dagger}
1a_{a}^{\dagger}a_{i}a_{a}^{\dagger}a_{b}a_{j}^{\dagger}
1a_{a}^{\dagger}a_{i}a_{b}a_{j}^{\dagger}a_{a}^{\dagger}
1a_{a}^{\dagger}a_{i}a_{b}a_{a}^{\dagger}a_{j}^{\dagger}
1a_{i}a_{b}a_{a}^{\dagger}a_{a}^{\dagger}a_{j}^{\dagger}
1a_{i}a_{a}^{\dagger}a_{a}^{\dagger}a_{b}a_{j}^{\dagger}
1a_{i}a_{a}^{\dagger}a_{b}a_{j}^{\dagger}a_{a}^{\dagger}
1a_{i}a_{a}^{\dagger}a_{a}^{\dagger}a_{b}a_{j}^{\dagger}
1a_{a}^{\dagger}a_{a}^{\dagger}a_{i}a_{b}a_{j}^{\dagger}
1a_{a}^{\dagger}a_{i}a_{b}a_{a}^{\dagger}a_{j}^{\dagger}
1a_{a}^{\dagger}a_{i}a_{a}^{\dagger}a_{j}^{\dagger}a_{b}
1a_{i}a_{a}^{\dagger}a_{b}a_{j}^{\dagger}a_{a}^{\dagger}
1a_{a}^{\dagger}a_{b}a_{i}a_{j}^{\dagger}a_{a}^{\dagger}
1a_{a}^{\dagger}a_{i}a_{j}^{\dagger}a_{b}a_{a}^{\dagger}
1a_{a}^{\dagger}a_{i}a_{b}a_{a}^{\dagger}a_{j}^{\dagger}
1a_{b}a_{i}a_{a}^{\dagger}a_{a}^{\dagger}a_{j}^{\dagger}
1a_{i}a_{a}^{\dagger}a_{b}a_{a}^{\dagger}a_{j}^{\dagger}
1a_{i}a_{b}a_{a}^{\dagger}a_{a}^{\dagger}a_{j}^{\dagger}
1a_{i}a_{b}a_{a}^{\dagger}a_{j}^{\dagger}a_{a}^{\dagger}
1a_{a}^{\dagger}a_{i}a_{a}^{\dagger}a_{b}a_{j}^{\dagger}
1a_{i}a_{a}^{\dagger}a_{a}^{\dagger}a_{b}a_{j}^{\dagger}
1a_{i}a_{a}^{\dagger}a_{b}a_{a}^{\dagger}a_{j}^{\dagger}
1a_{i}a_{a}^{\dagger}a_{a}^{\dagger}a_{j}^{\dagger}a_{b}
1a_{a}^{\dagger}a_{i}a_{b}a_{j}^{\dagger}a_{a}^{\dagger}
1a_{i}a_{b}a_{a}^{\dagger}a_{j}^{\dagger}a_{a}^{\dagger}
1a_{i}a_{a}^{\dagger}a_{j}^{\dagger}a_{b}a_{a}^{\dagger}
1a_{i}a_{a}^{\dagger}a_{b}a_{a}^{\dagger}a_{j}^{\dagger}
1a_{a}^{\dagger}a_{a}^{\dagger}a_{i}a_{b}a_{j}^{\dagger}
1a_{a}^{\dagger}a_{i}a_{a}^{\dagger}a_{b}a_{j}^{\dagger}
1a_{a}^{\dagger}a_{a}^{\dagger}a_{b}a_{i}a_{j}^{\dagger}
1a_{a}^{\dagger}a_{a}^{\dagger}a_{i}a_{j}^{\dagger}a_{b}
1a_{i}a_{a}^{\dagger}a_{a}^{\dagger}a_{j}^{\dagger}a_{b}
1a_{a}^{\dagger}a_{a}^{\dagger}a_{i}a_{j}^{\dagger}a_{b}
1a_{a}^{\dagger}a_{i}a_{j}^{\dagger}a_{a}^{\dagger}a_{b}
1a_{a}^{\dagger}a_{i}a_{a}^{\dagger}a_{b}a_{j}^{\dagger}
1a_{i}a_{a}^{\dagger}a_{j}^{\dagger}a_{b}a_{a}^{\dagger}
1a_{a}^{\dagger}a_{j}^{\dagger}a_{i}a_{b}a_{a}^{\dagger}
1a_{a}^{\dagger}a_{i}a_{b}a_{j}^{\dagger}a_{a}^{\dagger}
1a_{a}^{\dagger}a_{i}a_{j}^{\dagger}a_{a}^{\dagger}a_{b}
1a_{i}a_{b}a_{a}^{\dagger}a_{a}^{\dagger}a_{j}^{\dagger}
1a_{b}a_{a}^{\dagger}a_{i}a_{a}^{\dagger}a_{j}^{\dagger}
1a_{b}a_{i}a_{a}^{\dagger}a_{a}^{\dagger}a_{j}^{\dagger}
1a_{b}a_{i}a_{a}^{\dagger}a_{j}^{\dagger}a_{a}^{\dagger}
1a_{b}a_{i}a_{a}^{\dagger}a_{j}^{\dagger}a_{a}^{\dagger}
1a_{i}a_{a}^{\dagger}a_{b}a_{j}^{\dagger}a_{a}^{\dagger}
1a_{i}a_{b}a_{j}^{\dagger}a_{a}^{\dagger}a_{a}^{\dagger}
1a_{i}a_{b}a_{a}^{\dagger}a_{a}^{\dagger}a_{j}^{\dagger}
1a_{a}^{\dagger}a_{i}a_{a}^{\dagger}a_{j}^{\dagger}a_{b}
1a_{i}a_{a}^{\dagger}a_{a}^{\dagger}a_{j}^{\dagger}a_{b}
1a_{i}a_{a}^{\dagger}a_{j}^{\dagger}a_{a}^{\dagger}a_{b}
1a_{i}a_{a}^{\dagger}a_{a}^{\dagger}a_{b}a_{j}^{\dagger}
1a_{a}^{\dagger}a_{i}a_{j}^{\dagger}a_{b}a_{a}^{\dagger}
1a_{i}a_{j}^{\dagger}a_{a}^{\dagger}a_{b}a_{a}^{\dagger}
1a_{i}a_{a}^{\dagger}a_{b}a_{j}^{\dagger}a_{a}^{\dagger}
1a_{i}a_{a}^{\dagger}a_{j}^{\dagger}a_{a}^{\dagger}a_{b}
1a_{a}^{\dagger}a_{a}^{\dagger}a_{b}a_{i}a_{j}^{\dagger}
1a_{a}^{\dagger}a_{b}a_{a}^{\dagger}a_{i}a_{j}^{\dagger}
1a_{a}^{\dagger}a_{a}^{\dagger}a_{i}a_{b}a_{j}^{\dagger}
1a_{a}^{\dagger}a_{a}^{\dagger}a_{b}a_{j}^{\dagger}a_{i}
1a_{a}^{\dagger}a_{a}^{\dagger}a_{i}a_{j}^{\dagger}a_{b}
1a_{a}^{\dagger}a_{i}a_{a}^{\dagger}a_{j}^{\dagger}a_{b}
1a_{a}^{\dagger}a_{a}^{\dagger}a_{j}^{\dagger}a_{i}a_{b}
1a_{a}^{\dagger}a_{a}^{\dagger}a_{i}a_{b}a_{j}^{\dagger}
1a_{i}a_{a}^{\dagger}a_{j}^{\dagger}a_{a}^{\dagger}a_{b}
1a_{a}^{\dagger}a_{j}^{\dagger}a_{i}a_{a}^{\dagger}a_{b}
1a_{a}^{\dagger}a_{i}a_{a}^{\dagger}a_{j}^{\dagger}a_{b}
1a_{a}^{\dagger}a_{i}a_{j}^{\dagger}a_{b}a_{a}^{\dagger}
1a_{j}^{\dagger}a_{a}^{\dagger}a_{i}a_{b}a_{a}^{\dagger}
1a_{a}^{\dagger}a_{i}a_{j}^{\dagger}a_{b}a_{a}^{\dagger}
1a_{a}^{\dagger}a_{j}^{\dagger}a_{b}a_{i}a_{a}^{\dagger}
1a_{a}^{\dagger}a_{j}^{\dagger}a_{i}a_{a}^{\dagger}a_{b}
1a_{i}a_{b}a_{a}^{\dagger}a_{j}^{\dagger}a_{a}^{\dagger}
1a_{b}a_{a}^{\dagger}a_{i}a_{j}^{\dagger}a_{a}^{\dagger}
1a_{b}a_{i}a_{j}^{\dagger}a_{a}^{\dagger}a_{a}^{\dagger}
1a_{b}a_{i}a_{a}^{\dagger}a_{a}^{\dagger}a_{j}^{\dagger}
1a_{b}a_{i}a_{j}^{\dagger}a_{a}^{\dagger}a_{a}^{\dagger}
1a_{i}a_{j}^{\dagger}a_{b}a_{a}^{\dagger}a_{a}^{\dagger}
1a_{i}a_{b}a_{a}^{\dagger}a_{j}^{\dagger}a_{a}^{\dagger}
1a_{i}a_{b}a_{j}^{\dagger}a_{a}^{\dagger}a_{a}^{\dagger}
1a_{a}^{\dagger}a_{i}a_{j}^{\dagger}a_{a}^{\dagger}a_{b}
1a_{i}a_{j}^{\dagger}a_{a}^{\dagger}a_{a}^{\dagger}a_{b}
1a_{i}a_{a}^{\dagger}a_{a}^{\dagger}a_{j}^{\dagger}a_{b}
1a_{i}a_{a}^{\dagger}a_{j}^{\dagger}a_{b}a_{a}^{\dagger}
1a_{a}^{\dagger}a_{a}^{\dagger}a_{b}a_{j}^{\dagger}a_{i}
1a_{a}^{\dagger}a_{b}a_{a}^{\dagger}a_{j}^{\dagger}a_{i}
1a_{a}^{\dagger}a_{a}^{\dagger}a_{j}^{\dagger}a_{b}a_{i}
1a_{a}^{\dagger}a_{a}^{\dagger}a_{b}a_{i}a_{j}^{\dagger}
1a_{a}^{\dagger}a_{a}^{\dagger}a_{j}^{\dagger}a_{i}a_{b}
1a_{a}^{\dagger}a_{j}^{\dagger}a_{a}^{\dagger}a_{i}a_{b}
1a_{a}^{\dagger}a_{a}^{\dagger}a_{i}a_{j}^{\dagger}a_{b}
1a_{a}^{\dagger}a_{a}^{\dagger}a_{j}^{\dagger}a_{b}a_{i}
1a_{j}^{\dagger}a_{a}^{\dagger}a_{i}a_{a}^{\dagger}a_{b}
1a_{a}^{\dagger}a_{i}a_{j}^{\dagger}a_{a}^{\dagger}a_{b}
1a_{a}^{\dagger}a_{j}^{\dagger}a_{a}^{\dagger}a_{i}a_{b}
1a_{a}^{\dagger}a_{j}^{\dagger}a_{i}a_{b}a_{a}^{\dagger}
1a_{a}^{\dagger}a_{j}^{\dagger}a_{i}a_{b}a_{a}^{\dagger}
1a_{j}^{\dagger}a_{i}a_{a}^{\dagger}a_{b}a_{a}^{\dagger}
1a_{j}^{\dagger}a_{a}^{\dagger}a_{b}a_{i}a_{a}^{\dagger}
1a_{j}^{\dagger}a_{a}^{\dagger}a_{i}a_{a}^{\dagger}a_{b}
1a_{j}^{\dagger}a_{a}^{\dagger}a_{b}a_{i}a_{a}^{\dagger}
1a_{a}^{\dagger}a_{b}a_{j}^{\dagger}a_{i}a_{a}^{\dagger}
1a_{a}^{\dagger}a_{j}^{\dagger}a_{i}a_{b}a_{a}^{\dagger}
1a_{a}^{\dagger}a_{j}^{\dagger}a_{b}a_{a}^{\dagger}a_{i}
1a_{i}a_{b}a_{j}^{\dagger}a_{a}^{\dagger}a_{a}^{\dagger}
1a_{b}a_{j}^{\dagger}a_{i}a_{a}^{\dagger}a_{a}^{\dagger}
1a_{b}a_{i}a_{a}^{\dagger}a_{j}^{\dagger}a_{a}^{\dagger}
1a_{b}a_{i}a_{j}^{\dagger}a_{a}^{\dagger}a_{a}^{\dagger}
1a_{a}^{\dagger}a_{a}^{\dagger}a_{j}^{\dagger}a_{b}a_{i}
1a_{a}^{\dagger}a_{j}^{\dagger}a_{a}^{\dagger}a_{b}a_{i}
1a_{a}^{\dagger}a_{a}^{\dagger}a_{b}a_{j}^{\dagger}a_{i}
1a_{a}^{\dagger}a_{a}^{\dagger}a_{j}^{\dagger}a_{i}a_{b}
1a_{j}^{\dagger}a_{a}^{\dagger}a_{a}^{\dagger}a_{i}a_{b}
1a_{a}^{\dagger}a_{a}^{\dagger}a_{j}^{\dagger}a_{i}a_{b}
1a_{a}^{\dagger}a_{j}^{\dagger}a_{i}a_{a}^{\dagger}a_{b}
1a_{a}^{\dagger}a_{j}^{\dagger}a_{a}^{\dagger}a_{b}a_{i}
1a_{a}^{\dagger}a_{j}^{\dagger}a_{i}a_{a}^{\dagger}a_{b}
1a_{j}^{\dagger}a_{i}a_{a}^{\dagger}a_{a}^{\dagger}a_{b}
1a_{j}^{\dagger}a_{a}^{\dagger}a_{a}^{\dagger}a_{i}a_{b}
1a_{j}^{\dagger}a_{a}^{\dagger}a_{i}a_{b}a_{a}^{\dagger}
1a_{a}^{\dagger}a_{j}^{\dagger}a_{b}a_{i}a_{a}^{\dagger}
1a_{j}^{\dagger}a_{b}a_{a}^{\dagger}a_{i}a_{a}^{\dagger}
1a_{j}^{\dagger}a_{a}^{\dagger}a_{i}a_{b}a_{a}^{\dagger}
1a_{j}^{\dagger}a_{a}^{\dagger}a_{b}a_{a}^{\dagger}a_{i}
1a_{j}^{\dagger}a_{a}^{\dagger}a_{b}a_{a}^{\dagger}a_{i}
1a_{a}^{\dagger}a_{b}a_{j}^{\dagger}a_{a}^{\dagger}a_{i}
1a_{a}^{\dagger}a_{j}^{\dagger}a_{a}^{\dagger}a_{b}a_{i}
1a_{a}^{\dagger}a_{j}^{\dagger}a_{b}a_{i}a_{a}^{\dagger}
1a_{j}^{\dagger}a_{b}a_{i}a_{a}^{\dagger}a_{a}^{\dagger}
1a_{b}a_{i}a_{j}^{\dagger}a_{a}^{\dagger}a_{a}^{\dagger}
1a_{b}a_{j}^{\dagger}a_{a}^{\dagger}a_{i}a_{a}^{\dagger}
1a_{b}a_{j}^{\dagger}a_{i}a_{a}^{\dagger}a_{a}^{\dagger}
1a_{j}^{\dagger}a_{a}^{\dagger}a_{a}^{\dagger}a_{b}a_{i}
1a_{a}^{\dagger}a_{a}^{\dagger}a_{j}^{\dagger}a_{b}a_{i}
1a_{a}^{\dagger}a_{j}^{\dagger}a_{b}a_{a}^{\dagger}a_{i}
1a_{a}^{\dagger}a_{j}^{\dagger}a_{a}^{\dagger}a_{i}a_{b}
1a_{a}^{\dagger}a_{j}^{\dagger}a_{a}^{\dagger}a_{i}a_{b}
1a_{j}^{\dagger}a_{a}^{\dagger}a_{a}^{\dagger}a_{i}a_{b}
1a_{j}^{\dagger}a_{a}^{\dagger}a_{i}a_{a}^{\dagger}a_{b}
1a_{j}^{\dagger}a_{a}^{\dagger}a_{a}^{\dagger}a_{b}a_{i}
1a_{b}a_{j}^{\dagger}a_{a}^{\dagger}a_{i}a_{a}^{\dagger}
1a_{j}^{\dagger}a_{a}^{\dagger}a_{b}a_{i}a_{a}^{\dagger}
1a_{j}^{\dagger}a_{b}a_{i}a_{a}^{\dagger}a_{a}^{\dagger}
1a_{j}^{\dagger}a_{b}a_{a}^{\dagger}a_{a}^{\dagger}a_{i}
1a_{a}^{\dagger}a_{j}^{\dagger}a_{b}a_{a}^{\dagger}a_{i}
1a_{j}^{\dagger}a_{b}a_{a}^{\dagger}a_{a}^{\dagger}a_{i}
1a_{j}^{\dagger}a_{a}^{\dagger}a_{a}^{\dagger}a_{b}a_{i}
1a_{j}^{\dagger}a_{a}^{\dagger}a_{b}a_{i}a_{a}^{\dagger}
1a_{b}a_{j}^{\dagger}a_{i}a_{a}^{\dagger}a_{a}^{\dagger}
1a_{j}^{\dagger}a_{i}a_{b}a_{a}^{\dagger}a_{a}^{\dagger}
1a_{j}^{\dagger}a_{b}a_{a}^{\dagger}a_{i}a_{a}^{\dagger}
1a_{j}^{\dagger}a_{b}a_{i}a_{a}^{\dagger}a_{a}^{\dagger}
1a_{j}^{\dagger}a_{b}a_{a}^{\dagger}a_{i}a_{a}^{\dagger}
1a_{b}a_{a}^{\dagger}a_{j}^{\dagger}a_{i}a_{a}^{\dagger}
1a_{b}a_{j}^{\dagger}a_{i}a_{a}^{\dagger}a_{a}^{\dagger}
1a_{b}a_{j}^{\dagger}a_{a}^{\dagger}a_{a}^{\dagger}a_{i}
1a_{a}^{\dagger}a_{j}^{\dagger}a_{a}^{\dagger}a_{b}a_{i}
1a_{j}^{\dagger}a_{a}^{\dagger}a_{a}^{\dagger}a_{b}a_{i}
1a_{j}^{\dagger}a_{a}^{\dagger}a_{b}a_{a}^{\dagger}a_{i}
1a_{j}^{\dagger}a_{a}^{\dagger}a_{a}^{\dagger}a_{i}a_{b}
1a_{b}a_{j}^{\dagger}a_{a}^{\dagger}a_{a}^{\dagger}a_{i}
1a_{j}^{\dagger}a_{a}^{\dagger}a_{b}a_{a}^{\dagger}a_{i}
1a_{j}^{\dagger}a_{b}a_{a}^{\dagger}a_{a}^{\dagger}a_{i}
1a_{j}^{\dagger}a_{b}a_{a}^{\dagger}a_{i}a_{a}^{\dagger}
1a_{j}^{\dagger}a_{b}a_{a}^{\dagger}a_{a}^{\dagger}a_{i}
1a_{b}a_{a}^{\dagger}a_{j}^{\dagger}a_{a}^{\dagger}a_{i}
1a_{b}a_{j}^{\dagger}a_{a}^{\dagger}a_{a}^{\dagger}a_{i}
1a_{b}a_{j}^{\dagger}a_{a}^{\dagger}a_{i}a_{a}^{\dagger}
0
