Normalproduct test:
Before:
1a_{a}^{\dagger}a_{i}a_{b}a_{a}^{\dagger}a_{j}^{\dagger}
After:
1a_{a}^{\dagger}a_{a}^{\dagger}a_{j}^{\dagger}a_{i}a_{b}
*********************


Random String 4 :
1a_{1}a_{2}a_{3}a_{4}^{\dagger}a_{5}^{\dagger}a_{6}^{\dagger}a_{7}^{\dagger}a_{8}^{\dagger}a_{9}
-1a_{4}^{\dagger}a_{5}^{\dagger}a_{6}^{\dagger}a_{7}^{\dagger}a_{8}^{\dagger}a_{1}a_{2}a_{3}a_{9}

Random String 5 :
1a_{1}a_{2}^{\dagger}a_{3}a_{4}^{\dagger}a_{5}^{\dagger}a_{6}a_{7}a_{8}a_{9}
-1a_{2}^{\dagger}a_{4}^{\dagger}a_{5}^{\dagger}a_{1}a_{3}a_{6}a_{7}a_{8}a_{9}

Random String 6 :
1a_{1}^{\dagger}a_{2}^{\dagger}a_{3}a_{4}a_{5}a_{6}a_{7}^{\dagger}a_{8}a_{9}
1a_{1}^{\dagger}a_{2}^{\dagger}a_{7}^{\dagger}a_{3}a_{4}a_{5}a_{6}a_{8}a_{9}

Random String 7 :
1a_{1}^{\dagger}a_{2}^{\dagger}a_{3}a_{4}a_{5}^{\dagger}a_{6}^{\dagger}a_{7}a_{8}^{\dagger}a_{9}
-1a_{1}^{\dagger}a_{2}^{\dagger}a_{5}^{\dagger}a_{6}^{\dagger}a_{8}^{\dagger}a_{3}a_{4}a_{7}a_{9}

Random String 8 :
1a_{1}a_{2}a_{3}a_{4}a_{5}a_{6}^{\dagger}a_{7}a_{8}^{\dagger}a_{9}
-1a_{6}^{\dagger}a_{8}^{\dagger}a_{1}a_{2}a_{3}a_{4}a_{5}a_{7}a_{9}

Random String 9 :
1a_{1}a_{2}^{\dagger}a_{3}a_{4}^{\dagger}a_{5}a_{6}a_{7}a_{8}^{\dagger}a_{9}^{\dagger}
-1a_{2}^{\dagger}a_{4}^{\dagger}a_{8}^{\dagger}a_{9}^{\dagger}a_{1}a_{3}a_{5}a_{6}a_{7}

*********************


4*s2
4a_{a}^{\dagger}a_{a}^{\dagger}a_{j}^{\dagger}a_{i}a_{b}

s2*4
4a_{a}^{\dagger}a_{a}^{\dagger}a_{j}^{\dagger}a_{i}a_{b}

c*s2
1a_{b}a_{a}^{\dagger}a_{a}^{\dagger}a_{j}^{\dagger}a_{i}a_{b}

s2*c
1a_{a}^{\dagger}a_{a}^{\dagger}a_{j}^{\dagger}a_{i}a_{b}a_{b}

s1*s2
1a_{a}^{\dagger}a_{i}a_{a}^{\dagger}a_{a}^{\dagger}a_{j}^{\dagger}a_{i}a_{b}

s2*s1
1a_{a}^{\dagger}a_{a}^{\dagger}a_{j}^{\dagger}a_{i}a_{b}a_{a}^{\dagger}a_{i}

2*s1*3s2
6a_{a}^{\dagger}a_{i}a_{a}^{\dagger}a_{a}^{\dagger}a_{j}^{\dagger}a_{i}a_{b}

*********************


a==a
1
a==b
0
s1==s1
1
2*s1 == s2
s2==s1
0
s2==s3
0
STR OUTPUT: 1a_{i}^{\dagger}a_{j}a_{a}a_{b}
s4==s5
0
ttsqo1:  \gamma_{ij}
ttsqo3:  \delta_{ij}
STR OUTPUT TWOTENS: 1\gamma_{ij}\gamma_{ji}\gamma_{ji}\gamma_{ij}
PFSTT:
pf1: (2*1\gamma_{ij}\gamma_{ji})
pf2: (2*1\gamma_{ij}\gamma_{ji}+3)
pf3: (4*1\gamma_{ij}\gamma_{ji}+1*1\gamma_{aj}\gamma_{ij}\gamma_{ji}+1*1\gamma_{ji}\gamma_{ba}\gamma_{ij}\gamma_{aj}+7)

operator +
pf3 + 3: (4*1\gamma_{ij}\gamma_{ji}+1*1\gamma_{aj}\gamma_{ij}\gamma_{ji}+1*1\gamma_{ji}\gamma_{ba}\gamma_{ij}\gamma_{aj}+10)
pf3 + s8: (4*1\gamma_{ij}\gamma_{ji}+2*1\gamma_{aj}\gamma_{ij}\gamma_{ji}+1*1\gamma_{ji}\gamma_{ba}\gamma_{ij}\gamma_{aj}+7)
pf3 + pf2: (6*1\gamma_{ij}\gamma_{ji}+1*1\gamma_{aj}\gamma_{ij}\gamma_{ji}+1*1\gamma_{ji}\gamma_{ba}\gamma_{ij}\gamma_{aj}+10)

operator *
pf3 * 3: (12*1\gamma_{ij}\gamma_{ji}+3*1\gamma_{aj}\gamma_{ij}\gamma_{ji}+3*1\gamma_{ji}\gamma_{ba}\gamma_{ij}\gamma_{aj}+21)
pf3 * s8: (4*1\gamma_{ij}\gamma_{ji}\gamma_{aj}\gamma_{ij}\gamma_{ji}+1*1\gamma_{aj}\gamma_{ij}\gamma_{ji}\gamma_{aj}\gamma_{ij}\gamma_{ji}+1*1\gamma_{ji}\gamma_{ba}\gamma_{ij}\gamma_{aj}\gamma_{aj}\gamma_{ij}\gamma_{ji})
pf3 * pf2: (26*1\gamma_{ij}\gamma_{ji}+3*1\gamma_{aj}\gamma_{ij}\gamma_{ji}+3*1\gamma_{ji}\gamma_{ba}\gamma_{ij}\gamma_{aj}+8*1\gamma_{ij}\gamma_{ji}\gamma_{ij}\gamma_{ji}+2*1\gamma_{aj}\gamma_{ij}\gamma_{ji}\gamma_{ij}\gamma_{ji}+2*1\gamma_{ji}\gamma_{ba}\gamma_{ij}\gamma_{aj}\gamma_{ij}\gamma_{ji}+21)

LCSSQO
ostream
1a_{j}a_{i}^{\dagger}a_{a}a_{b}
1\gamma_{aj}\gamma_{ij}\gamma_{ji}
(4*1\gamma_{ij}\gamma_{ji}+1*1\gamma_{aj}\gamma_{ij}\gamma_{ji}+1*1\gamma_{ji}\gamma_{ba}\gamma_{ij}\gamma_{aj}+7)*1a_{i}^{\dagger}a_{j}a_{a}a_{b}+ (2*1\gamma_{ij}\gamma_{ji}+3)*1a_{j}a_{i}^{\dagger}a_{a}a_{b}
operator +
(4*1\gamma_{ij}\gamma_{ji}+1*1\gamma_{aj}\gamma_{ij}\gamma_{ji}+1*1\gamma_{ji}\gamma_{ba}\gamma_{ij}\gamma_{aj}+7)*1a_{i}^{\dagger}a_{j}a_{a}a_{b}
+ (2*1\gamma_{ij}\gamma_{ji}+3)*1a_{j}a_{i}^{\dagger}a_{a}a_{b}

(4*1\gamma_{ij}\gamma_{ji}+1*1\gamma_{aj}\gamma_{ij}\gamma_{ji}+1*1\gamma_{ji}\gamma_{ba}\gamma_{ij}\gamma_{aj}+7)*1a_{i}^{\dagger}a_{j}a_{a}a_{b}
+ (2*1\gamma_{ij}\gamma_{ji}+3)*1a_{j}a_{i}^{\dagger}a_{a}a_{b}
